- 14:27:16.000 INFO   : (@main:150) Thu Feb 17 14:27:16 2022
- 14:27:16.000 INFO   : (@main:151) OS: Windows 10 (10.0), CPU: x86_64, Logical Cores: 4
- 14:27:16.000 INFO   : (@`anonymous-namespace'::getThisExecutableDirPath:86) Path to executable: C:/Program Files (x86)/Chroma-Q/Vista3/VistaPlaybackNode.exe
- 14:27:16.000 INFO   : (@Directory::getPath:848) QtPlugins path = C:/Program Files (x86)/Chroma-Q/Vista3/plugins
- 14:27:16.000 INFO   : (@main:161) Starting C:/Program Files (x86)/Chroma-Q/Vista3/VistaPlaybackNode.exe
- 14:27:16.000 INFO   : (@main:164) default plugin path: c:/Qt/Qt5.8.0/plugins
- 14:27:16.000 INFO   : (@InitialiseHardwareInterfaceLibrary:10) Initializing Hardware Interface
- 14:27:16.015 INFO   : (@BoostNetworkThread::run:54 ##1a927e8) starting
- 14:27:16.015 INFO   : (@BoostNetworkThread::run:54 ##1a92920) starting
- 14:27:16.031 INFO   : (@USB::libusbInit:143) Initializing libusb...
- 14:27:16.047 INFO   : (@UsbManager::UsbManager:154) Initializing USB Manager
- 14:27:16.047 INFO   : (@DpuManager::initialiseLocalConfiguration:80) initializing
- 14:27:16.062 INFO   : (@BoostNetworkThread::run:54 ##1a933a0) starting
- 14:27:16.078 INFO   : (@getLocalHostUuid:41) Local hostID: c2d5fe11
- 14:27:16.078 INFO   : (@getLocalHostUuid:49) Local hostID: c2d5fe11
- 14:27:16.172 INFO   : (@DpuManager::initialiseLocalConfiguration:117) Available CPU capability: 4 host type: 0
- 14:27:16.172 INFO   : (@TimecodeManager::TimecodeManager:71) 
- 14:27:16.172 INFO   : (@InitialiseShowLibrary:163) Initializing show Library
- 14:27:16.172 INFO   : (@Console::Console:71) (props) type 100 (Art-Net) vcID: b44d6a80 hwID: b44d6a80
- 14:27:16.172 INFO   : (@Console::Console:71) (props) type 102 (sACN) vcID: 669aa062 hwID: 669aa062
- 14:27:16.172 INFO   : (@Console::Console:71) (props) type 101 (Pathport) vcID: 4e55c8af hwID: 4e55c8af
- 14:27:16.172 INFO   : (@Directory::getPath:858) Preferences path = C:\Vista 3
- 14:27:16.172 INFO   : (@ShowManager::ShowManager:128) 
- 14:27:16.172 INFO   :NETWORK: (@PlaybackNodeManager::PlaybackNodeManager:252) VistaPlaybackNode_2: new instance
- 14:27:16.172 INFO   : (@Directory::getPath:746) Factory Resources path = C:/Program Files (x86)/Chroma-Q/Vista3
- 14:27:16.172 INFO   : (@Directory::getPath:784) FactoryEffectLibrary path = C:/Program Files (x86)/Chroma-Q/Vista3/EffectLibrary
- 14:27:16.172 INFO   : (@BoostNetworkThread::run:54 ##1ac6770) starting
- 14:27:16.172 INFO   : (@BoostNetworkThread::run:54 ##1ac6668) starting
- 14:27:16.172 INFO   : (@BoostNetworkThread::run:54 ##1ac6740) starting
- 14:27:16.172 INFO   : (@BoostNetworkThread::run:54 ##1ac6818) starting
- 14:27:16.172 INFO   : (@BoostNetworkThread::run:54 ##1ac67d0) starting
- 14:27:16.203 INFO   : (@BoostNetworkThread::run:54 ##1b0d368) starting
- 14:27:16.203 INFO   : (@BoostNetworkThread::run:54 ##1b0d350) starting
- 14:27:16.203 INFO   : (@BoostNetworkThread::run:54 ##1b0d530) starting
- 14:27:16.265 INFO   : (@Directory::getPath:779) UserEffectLibrary path = C:\Vista 3/Effects
- 14:27:16.265 INFO   : (@BoostTcpConnection::connectToServer:32) host: 127.0.0.1, port: 22125
- 14:27:16.265 INFO   : (@BoostTcpConnection::connectToServer:32) host: 127.0.0.1, port: 22002
- 14:27:16.265 INFO2  :NETWORK: (@BoostTcpNetwork::socketConnected:191 ##1b0d530) VistaPlaybackNode_2: (+)Connection established.. local: 127.0.0.1:51930, remote: 127.0.0.1:22125
- 14:27:16.265 INFO2  :NETWORK: (@BoostTcpNetwork::socketConnected:191 ##1a92920) VistaPlaybackNode_2: (+)Connection established.. local: 127.0.0.1:51931, remote: 127.0.0.1:22002
- 14:27:16.281 INFO   :NETWORK: (@PlaybackNodeManager::nodeConnectedSlot:541) VistaPlaybackNode_2: 127.0.0.1 connected
